ERROR - 2023-06-28 02:12:10 --> mysqli_sql_exception: You have an error in your SQL syntax; check the manual that corresponds to your MariaDB server version for the right syntax to use near '1 PRIMARY KEY(`test_id`)
) DEFAULT CHARACTER SET = utf8 COLLATE = utf8_genera...' at line 6 in C:\xampp\htdocs\codeigniter4-framework-b1e5c64\system\Database\MySQLi\Connection.php:295
Stack trace:
#0 C:\xampp\htdocs\codeigniter4-framework-b1e5c64\system\Database\MySQLi\Connection.php(295): mysqli->query('CREATE TABLE `t...', 0)
#1 C:\xampp\htdocs\codeigniter4-framework-b1e5c64\system\Database\BaseConnection.php(691): CodeIgniter\Database\MySQLi\Connection->execute('CREATE TABLE `t...')
#2 C:\xampp\htdocs\codeigniter4-framework-b1e5c64\system\Database\BaseConnection.php(605): CodeIgniter\Database\BaseConnection->simpleQuery('CREATE TABLE `t...')
#3 C:\xampp\htdocs\codeigniter4-framework-b1e5c64\system\Database\Forge.php(546): CodeIgniter\Database\BaseConnection->query('CREATE TABLE `t...')
#4 C:\xampp\htdocs\codeigniter4-framework-b1e5c64\app\Database\Migrations\2023-06-28-015719_Testing.php(33): CodeIgniter\Database\Forge->createTable('tbl_tests')
#5 C:\xampp\htdocs\codeigniter4-framework-b1e5c64\system\Database\MigrationRunner.php(877): App\Database\Migrations\Testing->up()
#6 C:\xampp\htdocs\codeigniter4-framework-b1e5c64\system\Database\MigrationRunner.php(188): CodeIgniter\Database\MigrationRunner->migrate('up', Object(stdClass))
#7 C:\xampp\htdocs\codeigniter4-framework-b1e5c64\system\Commands\Database\Migrate.php(84): CodeIgniter\Database\MigrationRunner->latest(NULL)
#8 C:\xampp\htdocs\codeigniter4-framework-b1e5c64\system\CLI\Commands.php(65): CodeIgniter\Commands\Database\Migrate->run(Array)
#9 C:\xampp\htdocs\codeigniter4-framework-b1e5c64\system\CLI\Console.php(37): CodeIgniter\CLI\Commands->run('migrate', Array)
#10 C:\xampp\htdocs\codeigniter4-framework-b1e5c64\spark(97): CodeIgniter\CLI\Console->run()
#11 {main}
ERROR - 2023-06-28 02:21:55 --> mysqli_sql_exception: You have an error in your SQL syntax; check the manual that corresponds to your MariaDB server version for the right syntax to use near '1 PRIMARY KEY(`test_id`)
) DEFAULT CHARACTER SET = utf8 COLLATE = utf8_genera...' at line 6 in C:\xampp\htdocs\codeigniter4-framework-b1e5c64\system\Database\MySQLi\Connection.php:295
Stack trace:
#0 C:\xampp\htdocs\codeigniter4-framework-b1e5c64\system\Database\MySQLi\Connection.php(295): mysqli->query('CREATE TABLE `t...', 0)
#1 C:\xampp\htdocs\codeigniter4-framework-b1e5c64\system\Database\BaseConnection.php(691): CodeIgniter\Database\MySQLi\Connection->execute('CREATE TABLE `t...')
#2 C:\xampp\htdocs\codeigniter4-framework-b1e5c64\system\Database\BaseConnection.php(605): CodeIgniter\Database\BaseConnection->simpleQuery('CREATE TABLE `t...')
#3 C:\xampp\htdocs\codeigniter4-framework-b1e5c64\system\Database\Forge.php(546): CodeIgniter\Database\BaseConnection->query('CREATE TABLE `t...')
#4 C:\xampp\htdocs\codeigniter4-framework-b1e5c64\app\Database\Migrations\2023-06-28-015719_Testing.php(33): CodeIgniter\Database\Forge->createTable('tbl_tests')
#5 C:\xampp\htdocs\codeigniter4-framework-b1e5c64\system\Database\MigrationRunner.php(877): App\Database\Migrations\Testing->up()
#6 C:\xampp\htdocs\codeigniter4-framework-b1e5c64\system\Database\MigrationRunner.php(188): CodeIgniter\Database\MigrationRunner->migrate('up', Object(stdClass))
#7 C:\xampp\htdocs\codeigniter4-framework-b1e5c64\system\Commands\Database\Migrate.php(84): CodeIgniter\Database\MigrationRunner->latest(NULL)
#8 C:\xampp\htdocs\codeigniter4-framework-b1e5c64\system\CLI\Commands.php(65): CodeIgniter\Commands\Database\Migrate->run(Array)
#9 C:\xampp\htdocs\codeigniter4-framework-b1e5c64\system\CLI\Console.php(37): CodeIgniter\CLI\Commands->run('migrate', Array)
#10 C:\xampp\htdocs\codeigniter4-framework-b1e5c64\spark(97): CodeIgniter\CLI\Console->run()
#11 {main}
ERROR - 2023-06-28 02:35:35 --> mysqli_sql_exception: Table 'sample.tbl_tests' doesn't exist in C:\xampp\htdocs\codeigniter4-framework-b1e5c64\system\Database\MySQLi\Connection.php:295
Stack trace:
#0 C:\xampp\htdocs\codeigniter4-framework-b1e5c64\system\Database\MySQLi\Connection.php(295): mysqli->query('INSERT INTO `tb...', 0)
#1 C:\xampp\htdocs\codeigniter4-framework-b1e5c64\system\Database\BaseConnection.php(691): CodeIgniter\Database\MySQLi\Connection->execute('INSERT INTO `tb...')
#2 C:\xampp\htdocs\codeigniter4-framework-b1e5c64\system\Database\BaseConnection.php(605): CodeIgniter\Database\BaseConnection->simpleQuery('INSERT INTO `tb...')
#3 C:\xampp\htdocs\codeigniter4-framework-b1e5c64\system\Database\BaseBuilder.php(1787): CodeIgniter\Database\BaseConnection->query('INSERT INTO `tb...', NULL, false)
#4 C:\xampp\htdocs\codeigniter4-framework-b1e5c64\system\Database\BaseBuilder.php(2178): CodeIgniter\Database\BaseBuilder->batchExecute('_insertBatch', 100)
#5 C:\xampp\htdocs\codeigniter4-framework-b1e5c64\app\Database\Seeds\TestSeeder.php(19): CodeIgniter\Database\BaseBuilder->insertBatch(Array)
#6 C:\xampp\htdocs\codeigniter4-framework-b1e5c64\system\Database\Seeder.php(146): App\Database\Seeds\TestSeeder->run()
#7 C:\xampp\htdocs\codeigniter4-framework-b1e5c64\system\Commands\Database\Seed.php(77): CodeIgniter\Database\Seeder->call('App\\Database\\Se...')
#8 C:\xampp\htdocs\codeigniter4-framework-b1e5c64\system\CLI\Commands.php(65): CodeIgniter\Commands\Database\Seed->run(Array)
#9 C:\xampp\htdocs\codeigniter4-framework-b1e5c64\system\CLI\Console.php(37): CodeIgniter\CLI\Commands->run('db:seed', Array)
#10 C:\xampp\htdocs\codeigniter4-framework-b1e5c64\spark(97): CodeIgniter\CLI\Console->run()
#11 {main}
ERROR - 2023-06-28 02:39:34 --> mysqli_sql_exception: Table 'sample.tbl_tests' doesn't exist in C:\xampp\htdocs\codeigniter4-framework-b1e5c64\system\Database\MySQLi\Connection.php:295
Stack trace:
#0 C:\xampp\htdocs\codeigniter4-framework-b1e5c64\system\Database\MySQLi\Connection.php(295): mysqli->query('INSERT INTO `tb...', 0)
#1 C:\xampp\htdocs\codeigniter4-framework-b1e5c64\system\Database\BaseConnection.php(691): CodeIgniter\Database\MySQLi\Connection->execute('INSERT INTO `tb...')
#2 C:\xampp\htdocs\codeigniter4-framework-b1e5c64\system\Database\BaseConnection.php(605): CodeIgniter\Database\BaseConnection->simpleQuery('INSERT INTO `tb...')
#3 C:\xampp\htdocs\codeigniter4-framework-b1e5c64\system\Database\BaseBuilder.php(1787): CodeIgniter\Database\BaseConnection->query('INSERT INTO `tb...', NULL, false)
#4 C:\xampp\htdocs\codeigniter4-framework-b1e5c64\system\Database\BaseBuilder.php(2178): CodeIgniter\Database\BaseBuilder->batchExecute('_insertBatch', 100)
#5 C:\xampp\htdocs\codeigniter4-framework-b1e5c64\app\Database\Seeds\TestSeeder.php(19): CodeIgniter\Database\BaseBuilder->insertBatch(Array)
#6 C:\xampp\htdocs\codeigniter4-framework-b1e5c64\system\Database\Seeder.php(146): App\Database\Seeds\TestSeeder->run()
#7 C:\xampp\htdocs\codeigniter4-framework-b1e5c64\system\Commands\Database\Seed.php(77): CodeIgniter\Database\Seeder->call('App\\Database\\Se...')
#8 C:\xampp\htdocs\codeigniter4-framework-b1e5c64\system\CLI\Commands.php(65): CodeIgniter\Commands\Database\Seed->run(Array)
#9 C:\xampp\htdocs\codeigniter4-framework-b1e5c64\system\CLI\Console.php(37): CodeIgniter\CLI\Commands->run('db:seed', Array)
#10 C:\xampp\htdocs\codeigniter4-framework-b1e5c64\spark(97): CodeIgniter\CLI\Console->run()
#11 {main}
ERROR - 2023-06-28 02:41:24 --> mysqli_sql_exception: Duplicate entry '0' for key 'PRIMARY' in C:\xampp\htdocs\codeigniter4-framework-b1e5c64\system\Database\MySQLi\Connection.php:295
Stack trace:
#0 C:\xampp\htdocs\codeigniter4-framework-b1e5c64\system\Database\MySQLi\Connection.php(295): mysqli->query('INSERT INTO `tb...', 0)
#1 C:\xampp\htdocs\codeigniter4-framework-b1e5c64\system\Database\BaseConnection.php(691): CodeIgniter\Database\MySQLi\Connection->execute('INSERT INTO `tb...')
#2 C:\xampp\htdocs\codeigniter4-framework-b1e5c64\system\Database\BaseConnection.php(605): CodeIgniter\Database\BaseConnection->simpleQuery('INSERT INTO `tb...')
#3 C:\xampp\htdocs\codeigniter4-framework-b1e5c64\system\Database\BaseBuilder.php(1787): CodeIgniter\Database\BaseConnection->query('INSERT INTO `tb...', NULL, false)
#4 C:\xampp\htdocs\codeigniter4-framework-b1e5c64\system\Database\BaseBuilder.php(2178): CodeIgniter\Database\BaseBuilder->batchExecute('_insertBatch', 100)
#5 C:\xampp\htdocs\codeigniter4-framework-b1e5c64\app\Database\Seeds\TestSeeder.php(19): CodeIgniter\Database\BaseBuilder->insertBatch(Array)
#6 C:\xampp\htdocs\codeigniter4-framework-b1e5c64\system\Database\Seeder.php(146): App\Database\Seeds\TestSeeder->run()
#7 C:\xampp\htdocs\codeigniter4-framework-b1e5c64\system\Commands\Database\Seed.php(77): CodeIgniter\Database\Seeder->call('App\\Database\\Se...')
#8 C:\xampp\htdocs\codeigniter4-framework-b1e5c64\system\CLI\Commands.php(65): CodeIgniter\Commands\Database\Seed->run(Array)
#9 C:\xampp\htdocs\codeigniter4-framework-b1e5c64\system\CLI\Console.php(37): CodeIgniter\CLI\Commands->run('db:seed', Array)
#10 C:\xampp\htdocs\codeigniter4-framework-b1e5c64\spark(97): CodeIgniter\CLI\Console->run()
#11 {main}
ERROR - 2023-06-28 02:42:55 --> mysqli_sql_exception: Duplicate entry '0' for key 'PRIMARY' in C:\xampp\htdocs\codeigniter4-framework-b1e5c64\system\Database\MySQLi\Connection.php:295
Stack trace:
#0 C:\xampp\htdocs\codeigniter4-framework-b1e5c64\system\Database\MySQLi\Connection.php(295): mysqli->query('INSERT INTO `tb...', 0)
#1 C:\xampp\htdocs\codeigniter4-framework-b1e5c64\system\Database\BaseConnection.php(691): CodeIgniter\Database\MySQLi\Connection->execute('INSERT INTO `tb...')
#2 C:\xampp\htdocs\codeigniter4-framework-b1e5c64\system\Database\BaseConnection.php(605): CodeIgniter\Database\BaseConnection->simpleQuery('INSERT INTO `tb...')
#3 C:\xampp\htdocs\codeigniter4-framework-b1e5c64\system\Database\BaseBuilder.php(1787): CodeIgniter\Database\BaseConnection->query('INSERT INTO `tb...', NULL, false)
#4 C:\xampp\htdocs\codeigniter4-framework-b1e5c64\system\Database\BaseBuilder.php(2178): CodeIgniter\Database\BaseBuilder->batchExecute('_insertBatch', 100)
#5 C:\xampp\htdocs\codeigniter4-framework-b1e5c64\app\Database\Seeds\TestSeeder.php(19): CodeIgniter\Database\BaseBuilder->insertBatch(Array)
#6 C:\xampp\htdocs\codeigniter4-framework-b1e5c64\system\Database\Seeder.php(146): App\Database\Seeds\TestSeeder->run()
#7 C:\xampp\htdocs\codeigniter4-framework-b1e5c64\system\Commands\Database\Seed.php(77): CodeIgniter\Database\Seeder->call('App\\Database\\Se...')
#8 C:\xampp\htdocs\codeigniter4-framework-b1e5c64\system\CLI\Commands.php(65): CodeIgniter\Commands\Database\Seed->run(Array)
#9 C:\xampp\htdocs\codeigniter4-framework-b1e5c64\system\CLI\Console.php(37): CodeIgniter\CLI\Commands->run('db:seed', Array)
#10 C:\xampp\htdocs\codeigniter4-framework-b1e5c64\spark(97): CodeIgniter\CLI\Console->run()
#11 {main}
